=== PROGRAM INTERNAL FORM ===

int -> -1
IDENTIFIER -> 0
; -> -1
read -> -1
( -> -1
IDENTIFIER -> 0
) -> -1
; -> -1
int -> -1
IDENTIFIER -> 1
= -> -1
INT_CONSTANT -> 2
; -> -1
int -> -1
IDENTIFIER -> 3
; -> -1
IDENTIFIER -> 4
( -> -1
int -> -1
IDENTIFIER -> 5
= -> -1
INT_CONSTANT -> 2
; -> -1
IDENTIFIER -> 5
< -> -1
IDENTIFIER -> 0
; -> -1
IDENTIFIER -> 5
+ -> -1
+ -> -1
) -> -1
{ -> -1
read -> -1
( -> -1
IDENTIFIER -> 3
) -> -1
; -> -1
IDENTIFIER -> 1
= -> -1
IDENTIFIER -> 1
+ -> -1
IDENTIFIER -> 3
; -> -1
} -> -1
write -> -1
( -> -1
IDENTIFIER -> 1
) -> -1
; -> -1
