=== PROGRAM INTERNAL FORM ===

int -> -1
IDENTIFIER -> (10, 0)
; -> -1
read -> -1
( -> -1
IDENTIFIER -> (10, 0)
) -> -1
; -> -1
if -> -1
( -> -1
IDENTIFIER -> (10, 0)
== -> -1
INT_CONSTANT -> (50, 0)
|| -> -1
IDENTIFIER -> (10, 0)
== -> -1
INT_CONSTANT -> (51, 0)
) -> -1
{ -> -1
write -> -1
( -> -1
STR_CONSTANT -> (77, 0)
) -> -1
; -> -1
return -> -1
; -> -1
} -> -1
if -> -1
( -> -1
IDENTIFIER -> (10, 0)
<= -> -1
INT_CONSTANT -> (49, 0)
|| -> -1
IDENTIFIER -> (10, 0)
% -> -1
INT_CONSTANT -> (50, 0)
== -> -1
INT_CONSTANT -> (48, 0)
|| -> -1
IDENTIFIER -> (10, 0)
% -> -1
INT_CONSTANT -> (51, 0)
== -> -1
INT_CONSTANT -> (48, 0)
) -> -1
{ -> -1
write -> -1
( -> -1
STR_CONSTANT -> (46, 0)
) -> -1
; -> -1
return -> -1
; -> -1
} -> -1
for -> -1
( -> -1
int -> -1
IDENTIFIER -> (5, 0)
= -> -1
INT_CONSTANT -> (53, 0)
; -> -1
IDENTIFIER -> (5, 0)
* -> -1
IDENTIFIER -> (5, 0)
<= -> -1
IDENTIFIER -> (10, 0)
; -> -1
IDENTIFIER -> (5, 0)
+ -> -1
= -> -1
INT_CONSTANT -> (54, 0)
) -> -1
{ -> -1
if -> -1
( -> -1
IDENTIFIER -> (10, 0)
% -> -1
IDENTIFIER -> (5, 0)
== -> -1
INT_CONSTANT -> (48, 0)
|| -> -1
IDENTIFIER -> (10, 0)
% -> -1
( -> -1
IDENTIFIER -> (5, 0)
+ -> -1
INT_CONSTANT -> (50, 0)
) -> -1
== -> -1
INT_CONSTANT -> (48, 0)
) -> -1
{ -> -1
write -> -1
( -> -1
STR_CONSTANT -> (46, 0)
) -> -1
; -> -1
return -> -1
; -> -1
} -> -1
} -> -1
write -> -1
( -> -1
STR_CONSTANT -> (77, 0)
) -> -1
; -> -1
