=== PROGRAM INTERNAL FORM ===

INT_CONSTANT -> 0
; -> -1
read -> -1
( -> -1
IDENTIFIER -> 1
) -> -1
; -> -1
INT_CONSTANT -> 2
int -> -1
IDENTIFIER -> 3
; -> -1
read -> -1
( -> -1
IDENTIFIER -> 3
) -> -1
; -> -1
int -> -1
IDENTIFIER -> 4
; -> -1
read -> -1
( -> -1
IDENTIFIER -> 4
) -> -1
; -> -1
int -> -1
IDENTIFIER -> 5
= -> -1
IDENTIFIER -> 1
; -> -1
if -> -1
( -> -1
IDENTIFIER -> 5
< -> -1
IDENTIFIER -> 3
) -> -1
{ -> -1
IDENTIFIER -> 5
= -> -1
IDENTIFIER -> 3
; -> -1
} -> -1
if -> -1
( -> -1
IDENTIFIER -> 5
< -> -1
IDENTIFIER -> 4
) -> -1
{ -> -1
IDENTIFIER -> 5
= -> -1
IDENTIFIER -> 4
; -> -1
} -> -1
write -> -1
( -> -1
STR_CONSTANT -> 6
) -> -1
; -> -1
write -> -1
( -> -1
IDENTIFIER -> 5
) -> -1
; -> -1
